Using pre-set license
Built from '2022.3/staging' branch; Version is '2022.3.1f1 (f18e0c1b5784) revision 15830540'; Using compiler version '192829333'; Build Type 'Release'
OS: 'Windows 10  (10.0.19045) 64bit Professional' Language: 'ru' Physical Memory: 30932 MB
BatchMode: 1, IsHumanControllingUs: 0, StartBugReporterOnCrash: 0, Is64bit: 1, IsPro: 1

COMMAND LINE ARGUMENTS:
C:\Program Files\Unity\Hub\Editor\2022.3.1f1\Editor\Unity.exe
-adb2
-batchMode
-noUpm
-name
AssetImportWorker4
-projectPath
C:/Users/Frozen Umbra/Documents/GitHub/SaveTheWorld/UNECOMobile2D вЂ” РєРѕРїРёСЏ
-logFile
Logs/AssetImportWorker4.log
-srvPort
58533
Successfully changed project path to: C:/Users/Frozen Umbra/Documents/GitHub/SaveTheWorld/UNECOMobile2D вЂ” РєРѕРїРёСЏ
C:/Users/Frozen Umbra/Documents/GitHub/SaveTheWorld/UNECOMobile2D вЂ” РєРѕРїРёСЏ
[UnityMemory] Configuration Parameters - Can be set up in boot.config
    "memorysetup-bucket-allocator-granularity=16"
    "memorysetup-bucket-allocator-bucket-count=8"
    "memorysetup-bucket-allocator-block-size=33554432"
    "memorysetup-bucket-allocator-block-count=8"
    "memorysetup-main-allocator-block-size=16777216"
    "memorysetup-thread-allocator-block-size=16777216"
    "memorysetup-gfx-main-allocator-block-size=16777216"
    "memorysetup-gfx-thread-allocator-block-size=16777216"
    "memorysetup-cache-allocator-block-size=4194304"
    "memorysetup-typetree-allocator-block-size=2097152"
    "memorysetup-profiler-bucket-allocator-granularity=16"
    "memorysetup-profiler-bucket-allocator-bucket-count=8"
    "memorysetup-profiler-bucket-allocator-block-size=33554432"
    "memorysetup-profiler-bucket-allocator-block-count=8"
    "memorysetup-profiler-allocator-block-size=16777216"
    "memorysetup-profiler-editor-allocator-block-size=1048576"
    "memorysetup-temp-allocator-size-main=16777216"
    "memorysetup-job-temp-allocator-block-size=2097152"
    "memorysetup-job-temp-allocator-block-size-background=1048576"
    "memorysetup-job-temp-allocator-reduction-small-platforms=262144"
    "memorysetup-allocator-temp-initial-block-size-main=262144"
    "memorysetup-allocator-temp-initial-block-size-worker=262144"
    "memorysetup-temp-allocator-size-background-worker=32768"
    "memorysetup-temp-allocator-size-job-worker=262144"
    "memorysetup-temp-allocator-size-preload-manager=33554432"
    "memorysetup-temp-allocator-size-nav-mesh-worker=65536"
    "memorysetup-temp-allocator-size-audio-worker=65536"
    "memorysetup-temp-allocator-size-cloud-worker=32768"
    "memorysetup-temp-allocator-size-gi-baking-worker=262144"
    "memorysetup-temp-allocator-size-gfx=262144"
Player connection [15312] Host "[IP] 192.168.1.50 [Port] 0 [Flags] 2 [Guid] 3585631052 [EditorId] 3585631052 [Version] 1048832 [Id] WindowsEditor(7,DESKTOP-O1204U5) [Debug] 1 [PackageName] WindowsEditor [ProjectName] Editor" joined multi-casting on [225.0.0.222:54997]...

Player connection [15312] Host "[IP] 192.168.1.50 [Port] 0 [Flags] 2 [Guid] 3585631052 [EditorId] 3585631052 [Version] 1048832 [Id] WindowsEditor(7,DESKTOP-O1204U5) [Debug] 1 [PackageName] WindowsEditor [ProjectName] Editor" joined alternative multi-casting on [225.0.0.222:34997]...

Refreshing native plugins compatible for Editor in 16.65 ms, found 4 plugins.
Preloading 0 native plugins for Editor in 0.00 ms.
Initialize engine version: 2022.3.1f1 (f18e0c1b5784)
[Subsystems] Discovering subsystems at path C:/Program Files/Unity/Hub/Editor/2022.3.1f1/Editor/Data/Resources/UnitySubsystems
[Subsystems] Discovering subsystems at path C:/Users/Frozen Umbra/Documents/GitHub/SaveTheWorld/UNECOMobile2D вЂ” РєРѕРїРёСЏ/Assets
GfxDevice: creating device client; threaded=0; jobified=0
Direct3D:
    Version:  Direct3D 11.0 [level 11.1]
    Renderer: NVIDIA GeForce RTX 3050 (ID=0x2507)
    Vendor:   NVIDIA
    VRAM:     8056 MB
    Driver:   31.0.15.2698
Initialize mono
Mono path[0] = 'C:/Program Files/Unity/Hub/Editor/2022.3.1f1/Editor/Data/Managed'
Mono path[1] = 'C:/Program Files/Unity/Hub/Editor/2022.3.1f1/Editor/Data/MonoBleedingEdge/lib/mono/unityjit-win32'
Mono config path = 'C:/Program Files/Unity/Hub/Editor/2022.3.1f1/Editor/Data/MonoBleedingEdge/etc'
Using monoOptions --debugger-agent=transport=dt_socket,embedding=1,server=y,suspend=n,address=127.0.0.1:56412
Begin MonoManager ReloadAssembly
Registering precompiled unity dll's ...
Register platform support module: C:/Program Files/Unity/Hub/Editor/2022.3.1f1/Editor/Data/PlaybackEngines/AndroidPlayer/UnityEditor.Android.Extensions.dll
Register platform support module: C:/Program Files/Unity/Hub/Editor/2022.3.1f1/Editor/Data/PlaybackEngines/WindowsStandaloneSupport/UnityEditor.WindowsStandalone.Extensions.dll
Registered in 0.009204 seconds.
- Loaded All Assemblies, in  0.310 seconds
Native extension for WindowsStandalone target not found
Native extension for Android target not found
Android Extension - Scanning For ADB Devices 308 ms
Mono: successfully reloaded assembly
- Finished resetting the current domain, in  0.598 seconds
Domain Reload Profiling: 906ms
	BeginReloadAssembly (84ms)
		ExecutionOrderSort (0ms)
		DisableScriptedObjects (0ms)
		BackupInstance (0ms)
		ReleaseScriptingObjects (0ms)
		CreateAndSetChildDomain (1ms)
	RebuildCommonClasses (29ms)
	RebuildNativeTypeToScriptingClass (8ms)
	initialDomainReloadingComplete (56ms)
	LoadAllAssembliesAndSetupDomain (130ms)
		LoadAssemblies (83ms)
		RebuildTransferFunctionScriptingTraits (0ms)
		AnalyzeDomain (122ms)
			TypeCache.Refresh (122ms)
				TypeCache.ScanAssembly (111ms)
			ScanForSourceGeneratedMonoScriptInfo (0ms)
			ResolveRequiredComponents (0ms)
	FinalizeReload (598ms)
		ReleaseScriptCaches (0ms)
		RebuildScriptCaches (0ms)
		SetupLoadedEditorAssemblies (545ms)
			LogAssemblyErrors (0ms)
			InitializePlatformSupportModulesInManaged (408ms)
			SetLoadedEditorAssemblies (4ms)
			RefreshPlugins (0ms)
			BeforeProcessingInitializeOnLoad (2ms)
			ProcessInitializeOnLoadAttributes (90ms)
			ProcessInitializeOnLoadMethodAttributes (42ms)
			AfterProcessingInitializeOnLoad (0ms)
			EditorAssembliesLoaded (0ms)
		ExecutionOrderSort2 (0ms)
		AwakeInstancesAfterBackupRestoration (0ms)
========================================================================
Worker process is ready to serve import requests
Begin MonoManager ReloadAssembly
Symbol file LoadedFromMemory doesn't match image C:\Users\Frozen Umbra\Documents\GitHub\SaveTheWorld\UNECOMobile2D вЂ” РєРѕРїРёСЏ\Library\PackageCache\com.unity.visualscripting@1.8.0\Editor\VisualScripting.Core\Dependencies\YamlDotNet\Unity.VisualScripting.YamlDotNet.dll
Symbol file LoadedFromMemory doesn't match image C:\Users\Frozen Umbra\Documents\GitHub\SaveTheWorld\UNECOMobile2D вЂ” РєРѕРїРёСЏ\Library\PackageCache\com.unity.visualscripting@1.8.0\Editor\VisualScripting.Core\Dependencies\DotNetZip\Unity.VisualScripting.IonicZip.dll
- Loaded All Assemblies, in  0.732 seconds
Refreshing native plugins compatible for Editor in 7.93 ms, found 4 plugins.
Native extension for WindowsStandalone target not found
Native extension for Android target not found
Mono: successfully reloaded assembly
Package Manager log level set to [2]
[Package Manager] Server::EnsureServerProcessIsRunning -- launch failed, reason: Unity was launched with the -noUpm command-line argument
[Package Manager] UpmClient::Send -- Unable to send message (not connected to UPM process).
[Package Manager] Cannot connect to Unity Package Manager local server
[Package Manager] Server::EnsureServerProcessIsRunning -- launch failed, reason: Unity was launched with the -noUpm command-line argument
[Package Manager] UpmClient::Send -- Unable to send message (not connected to UPM process).
[Package Manager] Cannot connect to Unity Package Manager local server
- Finished resetting the current domain, in  0.552 seconds
Domain Reload Profiling: 1280ms
	BeginReloadAssembly (126ms)
		ExecutionOrderSort (0ms)
		DisableScriptedObjects (7ms)
		BackupInstance (0ms)
		ReleaseScriptingObjects (0ms)
		CreateAndSetChildDomain (23ms)
	RebuildCommonClasses (40ms)
	RebuildNativeTypeToScriptingClass (10ms)
	initialDomainReloadingComplete (44ms)
	LoadAllAssembliesAndSetupDomain (508ms)
		LoadAssemblies (292ms)
		RebuildTransferFunctionScriptingTraits (0ms)
		AnalyzeDomain (269ms)
			TypeCache.Refresh (245ms)
				TypeCache.ScanAssembly (230ms)
			ScanForSourceGeneratedMonoScriptInfo (20ms)
			ResolveRequiredComponents (4ms)
	FinalizeReload (552ms)
		ReleaseScriptCaches (0ms)
		RebuildScriptCaches (0ms)
		SetupLoadedEditorAssemblies (397ms)
			LogAssemblyErrors (0ms)
			InitializePlatformSupportModulesInManaged (22ms)
			SetLoadedEditorAssemblies (5ms)
			RefreshPlugins (0ms)
			BeforeProcessingInitializeOnLoad (84ms)
			ProcessInitializeOnLoadAttributes (245ms)
			ProcessInitializeOnLoadMethodAttributes (34ms)
			AfterProcessingInitializeOnLoad (7ms)
			EditorAssembliesLoaded (0ms)
		ExecutionOrderSort2 (0ms)
		AwakeInstancesAfterBackupRestoration (6ms)
Launched and connected shader compiler UnityShaderCompiler.exe after 0.07 seconds
Refreshing native plugins compatible for Editor in 13.43 ms, found 4 plugins.
Preloading 0 native plugins for Editor in 0.00 ms.
Unloading 4353 Unused Serialized files (Serialized files now loaded: 0)
Unloading 80 unused Assets / (69.3 KB). Loaded Objects now: 4806.
Memory consumption went from 156.4 MB to 156.4 MB.
Total: 4.478400 ms (FindLiveObjects: 0.597100 ms CreateObjectMapping: 0.216600 ms MarkObjects: 3.473700 ms  DeleteObjects: 0.189900 ms)

AssetImportParameters requested are different than current active one (requested -> active):
  custom:container-demuxer-ogg: 62fdf1f143b41e24485cea50d1cbac27 -> 
  custom:video-decoder-ogg-theora: a1e56fd34408186e4bbccfd4996cb3dc -> 
  custom:framework-win-MediaFoundation: 216162199b28c13a410421893ffa2e32 -> 
  custom:container-demuxer-webm: 4f35f7cbe854078d1ac9338744f61a02 -> 
  custom:container-muxer-webm: aa71ff27fc2769a1b78a27578f13a17b -> 
  custom:video-decoder-webm-vp8: 9c59270c3fd7afecdb556c50c9e8de78 -> 
  custom:AudioImporter_EditorPlatform: d09bf68614088b80899f8185d706f6e7 -> 
  custom:video-encoder-webm-vp8: eb34c28f22e8b96e1ab97ce403110664 -> 
  custom:audio-decoder-ogg-vorbis: bf7c407c2cedff20999df2af8eb42d56 -> 
  custom:audio-encoder-webm-vorbis: bf7c407c2cedff20999df2af8eb42d56 -> 
========================================================================
Received Import Request.
  Time since last request: 1129904.900637 seconds.
  path: Assets/Quests/РњРѕРґРµР»СЊРєРё/РРіРѕСЂСЊ РѕСЃРЅРѕРІР°
  artifactKey: Guid(1a7793785c6f5cd4798cde3ddaf7dc0d) Importer(815301076,1909f56bfc062723c751e8b465ee728b)
Start importing Assets/Quests/РњРѕРґРµР»СЊРєРё/РРіРѕСЂСЊ РѕСЃРЅРѕРІР° using Guid(1a7793785c6f5cd4798cde3ddaf7dc0d) Importer(815301076,1909f56bfc062723c751e8b465ee728b)  -> (artifact id: 'e827e64450ece130dc3dac21272da1e7') in 0.002945 seconds
Number of updated asset objects reloaded before import = 0
Number of asset objects unloaded after import = 0
========================================================================
Received Import Request.
  Time since last request: 0.064825 seconds.
  path: Assets/Quests/РњРѕРґРµР»СЊРєРё/РРіРѕСЂСЊ РѕСЃРЅРѕРІР°/NPC.tif
  artifactKey: Guid(3f2da4ecac4812c4097e56254266e84d) Importer(815301076,1909f56bfc062723c751e8b465ee728b)
Start importing Assets/Quests/РњРѕРґРµР»СЊРєРё/РРіРѕСЂСЊ РѕСЃРЅРѕРІР°/NPC.tif using Guid(3f2da4ecac4812c4097e56254266e84d) Importer(815301076,1909f56bfc062723c751e8b465ee728b)  -> (artifact id: '45c47dac90740fef7b01fb19e8444aed') in 0.093928 seconds
Number of updated asset objects reloaded before import = 0
Number of asset objects unloaded after import = 3
========================================================================
Received Import Request.
  Time since last request: 0.000028 seconds.
  path: Assets/Quests/РњРѕРґРµР»СЊРєРё/РРіРѕСЂСЊ РѕСЃРЅРѕРІР°/РїСЂР°РІ СЂСѓРєР° РєРѕРїРёСЏ 3.png
  artifactKey: Guid(c14d755c11091b54aa2a46bf72e925a8) Importer(815301076,1909f56bfc062723c751e8b465ee728b)
Start importing Assets/Quests/РњРѕРґРµР»СЊРєРё/РРіРѕСЂСЊ РѕСЃРЅРѕРІР°/РїСЂР°РІ СЂСѓРєР° РєРѕРїРёСЏ 3.png using Guid(c14d755c11091b54aa2a46bf72e925a8) Importer(815301076,1909f56bfc062723c751e8b465ee728b)  -> (artifact id: '7c89fa91717f2a10817cab7998949cb0') in 0.093673 seconds
Number of updated asset objects reloaded before import = 0
Number of asset objects unloaded after import = 3
========================================================================
Received Import Request.
  Time since last request: 0.000035 seconds.
  path: Assets/Quests/РњРѕРґРµР»СЊРєРё/РРіРѕСЂСЊ РѕСЃРЅРѕРІР°/NPC РёРіРѕСЂСЊ РїСЂР°РІ РЅРѕРіР°.png
  artifactKey: Guid(03981fa0b2b56ef40ac72d1d7d9ec483) Importer(815301076,1909f56bfc062723c751e8b465ee728b)
Start importing Assets/Quests/РњРѕРґРµР»СЊРєРё/РРіРѕСЂСЊ РѕСЃРЅРѕРІР°/NPC РёРіРѕСЂСЊ РїСЂР°РІ РЅРѕРіР°.png using Guid(03981fa0b2b56ef40ac72d1d7d9ec483) Importer(815301076,1909f56bfc062723c751e8b465ee728b)  -> (artifact id: '89f48e0a76701d9930cbae474684e0b2') in 0.089334 seconds
Number of updated asset objects reloaded before import = 0
Number of asset objects unloaded after import = 3
========================================================================
Received Import Request.
  Time since last request: 0.000018 seconds.
  path: Assets/Quests/РњРѕРґРµР»СЊРєРё/РРіРѕСЂСЊ РѕСЃРЅРѕРІР°/РїСЂР°РІ СЂСѓРєР° РєРѕРїРёСЏ 2.png
  artifactKey: Guid(d8adf8b93fcb9f148acd1fd4fb45d39e) Importer(815301076,1909f56bfc062723c751e8b465ee728b)
Start importing Assets/Quests/РњРѕРґРµР»СЊРєРё/РРіРѕСЂСЊ РѕСЃРЅРѕРІР°/РїСЂР°РІ СЂСѓРєР° РєРѕРїРёСЏ 2.png using Guid(d8adf8b93fcb9f148acd1fd4fb45d39e) Importer(815301076,1909f56bfc062723c751e8b465ee728b)  -> (artifact id: 'd159a450ce7fd29c3ad01206dcbb4ca7') in 0.051651 seconds
Number of updated asset objects reloaded before import = 0
Number of asset objects unloaded after import = 3
========================================================================
Received Import Request.
  Time since last request: 0.000015 seconds.
  path: Assets/Quests/РњРѕРґРµР»СЊРєРё/РРіРѕСЂСЊ РѕСЃРЅРѕРІР°/NPC РёРіРѕСЂСЊ С‚РµР»Рѕ.png
  artifactKey: Guid(20cc384a27b55f144baa1440d5a6e24d) Importer(815301076,1909f56bfc062723c751e8b465ee728b)
Start importing Assets/Quests/РњРѕРґРµР»СЊРєРё/РРіРѕСЂСЊ РѕСЃРЅРѕРІР°/NPC РёРіРѕСЂСЊ С‚РµР»Рѕ.png using Guid(20cc384a27b55f144baa1440d5a6e24d) Importer(815301076,1909f56bfc062723c751e8b465ee728b)  -> (artifact id: '0603bf5001c4cbf2c7f2f4e6426f7361') in 0.053476 seconds
Number of updated asset objects reloaded before import = 0
Number of asset objects unloaded after import = 3
========================================================================
Received Import Request.
  Time since last request: 19.006830 seconds.
  path: Assets/Quests/РњРѕРґРµР»СЊРєРё/РјРµРґРІРµРґСЊ
  artifactKey: Guid(e65f30e2ab8e5ae4bb142b28ef4ba1c4) Importer(815301076,1909f56bfc062723c751e8b465ee728b)
Start importing Assets/Quests/РњРѕРґРµР»СЊРєРё/РјРµРґРІРµРґСЊ using Guid(e65f30e2ab8e5ae4bb142b28ef4ba1c4) Importer(815301076,1909f56bfc062723c751e8b465ee728b)  -> (artifact id: 'dd59d25ec079d91625593948c8ccc39c') in 0.000547 seconds
Number of updated asset objects reloaded before import = 0
Number of asset objects unloaded after import = 0
========================================================================
Received Import Request.
  Time since last request: 0.386527 seconds.
  path: Assets/Quests/РњРѕРґРµР»СЊРєРё/РјРµРґРІРµРґСЊ/bb6c9b9e-6ab7-4676-b9c9-6f696e7e8d2d.png
  artifactKey: Guid(30b5ac892e1308c40a2c868f45d32e9a) Importer(815301076,1909f56bfc062723c751e8b465ee728b)
Start importing Assets/Quests/РњРѕРґРµР»СЊРєРё/РјРµРґРІРµРґСЊ/bb6c9b9e-6ab7-4676-b9c9-6f696e7e8d2d.png using Guid(30b5ac892e1308c40a2c868f45d32e9a) Importer(815301076,1909f56bfc062723c751e8b465ee728b)  -> (artifact id: 'acfbfd4cb2753ddd40610a9eea5453ff') in 0.028712 seconds
Number of updated asset objects reloaded before import = 0
Number of asset objects unloaded after import = 3
========================================================================
Received Import Request.
  Time since last request: 0.000019 seconds.
  path: Assets/Quests/РњРѕРґРµР»СЊРєРё/РјРµРґРІРµРґСЊ/РїРµСЂРµРґ РїСЂР°РІ РїСЏС‚РєР°.png
  artifactKey: Guid(ba010df80ddd3db4da6c65486aef3aa3) Importer(815301076,1909f56bfc062723c751e8b465ee728b)
Start importing Assets/Quests/РњРѕРґРµР»СЊРєРё/РјРµРґРІРµРґСЊ/РїРµСЂРµРґ РїСЂР°РІ РїСЏС‚РєР°.png using Guid(ba010df80ddd3db4da6c65486aef3aa3) Importer(815301076,1909f56bfc062723c751e8b465ee728b)  -> (artifact id: '99a3e398367ea3941967ac2b68cc144c') in 0.039775 seconds
Number of updated asset objects reloaded before import = 0
Number of asset objects unloaded after import = 3
========================================================================
Received Import Request.
  Time since last request: 0.000082 seconds.
  path: Assets/Quests/РњРѕРґРµР»СЊРєРё/РјРµРґРІРµРґСЊ/С‚РµР»Рѕ.png
  artifactKey: Guid(4a796e7d1afbfda49a5db41e7a2ce70c) Importer(815301076,1909f56bfc062723c751e8b465ee728b)
Start importing Assets/Quests/РњРѕРґРµР»СЊРєРё/РјРµРґРІРµРґСЊ/С‚РµР»Рѕ.png using Guid(4a796e7d1afbfda49a5db41e7a2ce70c) Importer(815301076,1909f56bfc062723c751e8b465ee728b)  -> (artifact id: '627e650d6b9ed561766e146b86a01625') in 0.047205 seconds
Number of updated asset objects reloaded before import = 0
Number of asset objects unloaded after import = 3
========================================================================
Received Import Request.
  Time since last request: 0.000020 seconds.
  path: Assets/Quests/РњРѕРґРµР»СЊРєРё/РјРµРґРІРµРґСЊ/РїРµСЂРµРґ Р»РµРІ РїСЏС‚РєР°.png
  artifactKey: Guid(cd1f6771a41a2c84b95bf52764d769cd) Importer(815301076,1909f56bfc062723c751e8b465ee728b)
Start importing Assets/Quests/РњРѕРґРµР»СЊРєРё/РјРµРґРІРµРґСЊ/РїРµСЂРµРґ Р»РµРІ РїСЏС‚РєР°.png using Guid(cd1f6771a41a2c84b95bf52764d769cd) Importer(815301076,1909f56bfc062723c751e8b465ee728b)  -> (artifact id: '592ba1c6e4d9b1dfd14c3c3afd89575d') in 0.025368 seconds
Number of updated asset objects reloaded before import = 0
Number of asset objects unloaded after import = 3
Editor requested this worker to shutdown with reason: Scaling down because of idle timeout
TcpMessagingSession - receive error: operation aborted. errorcode: 995, details: Операция ввода/вывода была прервана из-за завершения потока команд или по запросу приложения.
AssetImportWorker is now disconnected from the server
Process exiting
Exiting without the bug reporter. Application will terminate with return code 0