Using pre-set license
Built from '2022.3/staging' branch; Version is '2022.3.1f1 (f18e0c1b5784) revision 15830540'; Using compiler version '192829333'; Build Type 'Release'
OS: 'Windows 10  (10.0.19045) 64bit Professional' Language: 'ru' Physical Memory: 30932 MB
BatchMode: 1, IsHumanControllingUs: 0, StartBugReporterOnCrash: 0, Is64bit: 1, IsPro: 1

COMMAND LINE ARGUMENTS:
C:\Program Files\Unity\Hub\Editor\2022.3.1f1\Editor\Unity.exe
-adb2
-batchMode
-noUpm
-name
AssetImportWorker1
-projectPath
C:/Users/Frozen Umbra/Documents/GitHub/SaveTheWorld/UNECOMobile2D вЂ” РєРѕРїРёСЏ
-logFile
Logs/AssetImportWorker1.log
-srvPort
62266
Successfully changed project path to: C:/Users/Frozen Umbra/Documents/GitHub/SaveTheWorld/UNECOMobile2D вЂ” РєРѕРїРёСЏ
C:/Users/Frozen Umbra/Documents/GitHub/SaveTheWorld/UNECOMobile2D вЂ” РєРѕРїРёСЏ
[UnityMemory] Configuration Parameters - Can be set up in boot.config
    "memorysetup-bucket-allocator-granularity=16"
    "memorysetup-bucket-allocator-bucket-count=8"
    "memorysetup-bucket-allocator-block-size=33554432"
    "memorysetup-bucket-allocator-block-count=8"
    "memorysetup-main-allocator-block-size=16777216"
    "memorysetup-thread-allocator-block-size=16777216"
    "memorysetup-gfx-main-allocator-block-size=16777216"
    "memorysetup-gfx-thread-allocator-block-size=16777216"
    "memorysetup-cache-allocator-block-size=4194304"
    "memorysetup-typetree-allocator-block-size=2097152"
    "memorysetup-profiler-bucket-allocator-granularity=16"
    "memorysetup-profiler-bucket-allocator-bucket-count=8"
    "memorysetup-profiler-bucket-allocator-block-size=33554432"
    "memorysetup-profiler-bucket-allocator-block-count=8"
    "memorysetup-profiler-allocator-block-size=16777216"
    "memorysetup-profiler-editor-allocator-block-size=1048576"
    "memorysetup-temp-allocator-size-main=16777216"
    "memorysetup-job-temp-allocator-block-size=2097152"
    "memorysetup-job-temp-allocator-block-size-background=1048576"
    "memorysetup-job-temp-allocator-reduction-small-platforms=262144"
    "memorysetup-allocator-temp-initial-block-size-main=262144"
    "memorysetup-allocator-temp-initial-block-size-worker=262144"
    "memorysetup-temp-allocator-size-background-worker=32768"
    "memorysetup-temp-allocator-size-job-worker=262144"
    "memorysetup-temp-allocator-size-preload-manager=33554432"
    "memorysetup-temp-allocator-size-nav-mesh-worker=65536"
    "memorysetup-temp-allocator-size-audio-worker=65536"
    "memorysetup-temp-allocator-size-cloud-worker=32768"
    "memorysetup-temp-allocator-size-gi-baking-worker=262144"
    "memorysetup-temp-allocator-size-gfx=262144"
Player connection [11580] Host "[IP] 192.168.1.50 [Port] 0 [Flags] 2 [Guid] 3205191195 [EditorId] 3205191195 [Version] 1048832 [Id] WindowsEditor(7,DESKTOP-O1204U5) [Debug] 1 [PackageName] WindowsEditor [ProjectName] Editor" joined multi-casting on [225.0.0.222:54997]...

Player connection [11580] Host "[IP] 192.168.1.50 [Port] 0 [Flags] 2 [Guid] 3205191195 [EditorId] 3205191195 [Version] 1048832 [Id] WindowsEditor(7,DESKTOP-O1204U5) [Debug] 1 [PackageName] WindowsEditor [ProjectName] Editor" joined alternative multi-casting on [225.0.0.222:34997]...

Refreshing native plugins compatible for Editor in 14.15 ms, found 4 plugins.
Preloading 0 native plugins for Editor in 0.00 ms.
Initialize engine version: 2022.3.1f1 (f18e0c1b5784)
[Subsystems] Discovering subsystems at path C:/Program Files/Unity/Hub/Editor/2022.3.1f1/Editor/Data/Resources/UnitySubsystems
[Subsystems] Discovering subsystems at path C:/Users/Frozen Umbra/Documents/GitHub/SaveTheWorld/UNECOMobile2D вЂ” РєРѕРїРёСЏ/Assets
GfxDevice: creating device client; threaded=0; jobified=0
Direct3D:
    Version:  Direct3D 11.0 [level 11.1]
    Renderer: NVIDIA GeForce RTX 3050 (ID=0x2507)
    Vendor:   NVIDIA
    VRAM:     8056 MB
    Driver:   31.0.15.2698
Initialize mono
Mono path[0] = 'C:/Program Files/Unity/Hub/Editor/2022.3.1f1/Editor/Data/Managed'
Mono path[1] = 'C:/Program Files/Unity/Hub/Editor/2022.3.1f1/Editor/Data/MonoBleedingEdge/lib/mono/unityjit-win32'
Mono config path = 'C:/Program Files/Unity/Hub/Editor/2022.3.1f1/Editor/Data/MonoBleedingEdge/etc'
Using monoOptions --debugger-agent=transport=dt_socket,embedding=1,server=y,suspend=n,address=127.0.0.1:56532
Begin MonoManager ReloadAssembly
Registering precompiled unity dll's ...
Register platform support module: C:/Program Files/Unity/Hub/Editor/2022.3.1f1/Editor/Data/PlaybackEngines/AndroidPlayer/UnityEditor.Android.Extensions.dll
Register platform support module: C:/Program Files/Unity/Hub/Editor/2022.3.1f1/Editor/Data/PlaybackEngines/WindowsStandaloneSupport/UnityEditor.WindowsStandalone.Extensions.dll
Registered in 0.008398 seconds.
- Loaded All Assemblies, in  0.326 seconds
Native extension for WindowsStandalone target not found
Native extension for Android target not found
Android Extension - Scanning For ADB Devices 229 ms
Mono: successfully reloaded assembly
- Finished resetting the current domain, in  0.522 seconds
Domain Reload Profiling: 847ms
	BeginReloadAssembly (84ms)
		ExecutionOrderSort (0ms)
		DisableScriptedObjects (0ms)
		BackupInstance (0ms)
		ReleaseScriptingObjects (0ms)
		CreateAndSetChildDomain (1ms)
	RebuildCommonClasses (32ms)
	RebuildNativeTypeToScriptingClass (9ms)
	initialDomainReloadingComplete (57ms)
	LoadAllAssembliesAndSetupDomain (143ms)
		LoadAssemblies (82ms)
		RebuildTransferFunctionScriptingTraits (0ms)
		AnalyzeDomain (138ms)
			TypeCache.Refresh (137ms)
				TypeCache.ScanAssembly (126ms)
			ScanForSourceGeneratedMonoScriptInfo (0ms)
			ResolveRequiredComponents (0ms)
	FinalizeReload (522ms)
		ReleaseScriptCaches (0ms)
		RebuildScriptCaches (0ms)
		SetupLoadedEditorAssemblies (472ms)
			LogAssemblyErrors (0ms)
			InitializePlatformSupportModulesInManaged (334ms)
			SetLoadedEditorAssemblies (4ms)
			RefreshPlugins (0ms)
			BeforeProcessingInitializeOnLoad (2ms)
			ProcessInitializeOnLoadAttributes (90ms)
			ProcessInitializeOnLoadMethodAttributes (41ms)
			AfterProcessingInitializeOnLoad (0ms)
			EditorAssembliesLoaded (0ms)
		ExecutionOrderSort2 (0ms)
		AwakeInstancesAfterBackupRestoration (0ms)
========================================================================
Worker process is ready to serve import requests
Begin MonoManager ReloadAssembly
Symbol file LoadedFromMemory doesn't match image C:\Users\Frozen Umbra\Documents\GitHub\SaveTheWorld\UNECOMobile2D вЂ” РєРѕРїРёСЏ\Library\PackageCache\com.unity.visualscripting@1.8.0\Editor\VisualScripting.Core\Dependencies\YamlDotNet\Unity.VisualScripting.YamlDotNet.dll
Symbol file LoadedFromMemory doesn't match image C:\Users\Frozen Umbra\Documents\GitHub\SaveTheWorld\UNECOMobile2D вЂ” РєРѕРїРёСЏ\Library\PackageCache\com.unity.visualscripting@1.8.0\Editor\VisualScripting.Core\Dependencies\DotNetZip\Unity.VisualScripting.IonicZip.dll
- Loaded All Assemblies, in  0.744 seconds
Refreshing native plugins compatible for Editor in 7.32 ms, found 4 plugins.
Native extension for WindowsStandalone target not found
Native extension for Android target not found
Mono: successfully reloaded assembly
Package Manager log level set to [2]
[Package Manager] Server::EnsureServerProcessIsRunning -- launch failed, reason: Unity was launched with the -noUpm command-line argument
[Package Manager] UpmClient::Send -- Unable to send message (not connected to UPM process).
[Package Manager] Cannot connect to Unity Package Manager local server
[Package Manager] Server::EnsureServerProcessIsRunning -- launch failed, reason: Unity was launched with the -noUpm command-line argument
[Package Manager] UpmClient::Send -- Unable to send message (not connected to UPM process).
[Package Manager] Cannot connect to Unity Package Manager local server
- Finished resetting the current domain, in  0.542 seconds
Domain Reload Profiling: 1281ms
	BeginReloadAssembly (122ms)
		ExecutionOrderSort (0ms)
		DisableScriptedObjects (5ms)
		BackupInstance (0ms)
		ReleaseScriptingObjects (0ms)
		CreateAndSetChildDomain (25ms)
	RebuildCommonClasses (30ms)
	RebuildNativeTypeToScriptingClass (8ms)
	initialDomainReloadingComplete (43ms)
	LoadAllAssembliesAndSetupDomain (536ms)
		LoadAssemblies (298ms)
		RebuildTransferFunctionScriptingTraits (0ms)
		AnalyzeDomain (291ms)
			TypeCache.Refresh (266ms)
				TypeCache.ScanAssembly (248ms)
			ScanForSourceGeneratedMonoScriptInfo (21ms)
			ResolveRequiredComponents (5ms)
	FinalizeReload (542ms)
		ReleaseScriptCaches (0ms)
		RebuildScriptCaches (0ms)
		SetupLoadedEditorAssemblies (385ms)
			LogAssemblyErrors (0ms)
			InitializePlatformSupportModulesInManaged (24ms)
			SetLoadedEditorAssemblies (5ms)
			RefreshPlugins (0ms)
			BeforeProcessingInitializeOnLoad (80ms)
			ProcessInitializeOnLoadAttributes (237ms)
			ProcessInitializeOnLoadMethodAttributes (34ms)
			AfterProcessingInitializeOnLoad (6ms)
			EditorAssembliesLoaded (0ms)
		ExecutionOrderSort2 (0ms)
		AwakeInstancesAfterBackupRestoration (5ms)
Launched and connected shader compiler UnityShaderCompiler.exe after 0.04 seconds
Refreshing native plugins compatible for Editor in 7.49 ms, found 4 plugins.
Preloading 0 native plugins for Editor in 0.00 ms.
Unloading 4360 Unused Serialized files (Serialized files now loaded: 0)
Unloading 80 unused Assets / (69.4 KB). Loaded Objects now: 4813.
Memory consumption went from 156.6 MB to 156.5 MB.
Total: 4.145800 ms (FindLiveObjects: 0.357100 ms CreateObjectMapping: 0.327600 ms MarkObjects: 3.278600 ms  DeleteObjects: 0.181000 ms)

AssetImportParameters requested are different than current active one (requested -> active):
  custom:container-demuxer-ogg: 62fdf1f143b41e24485cea50d1cbac27 -> 
  custom:video-decoder-ogg-theora: a1e56fd34408186e4bbccfd4996cb3dc -> 
  custom:framework-win-MediaFoundation: 216162199b28c13a410421893ffa2e32 -> 
  custom:container-demuxer-webm: 4f35f7cbe854078d1ac9338744f61a02 -> 
  custom:container-muxer-webm: aa71ff27fc2769a1b78a27578f13a17b -> 
  custom:video-decoder-webm-vp8: 9c59270c3fd7afecdb556c50c9e8de78 -> 
  custom:AudioImporter_EditorPlatform: d09bf68614088b80899f8185d706f6e7 -> 
  custom:video-encoder-webm-vp8: eb34c28f22e8b96e1ab97ce403110664 -> 
  custom:audio-decoder-ogg-vorbis: bf7c407c2cedff20999df2af8eb42d56 -> 
  custom:audio-encoder-webm-vorbis: bf7c407c2cedff20999df2af8eb42d56 -> 
========================================================================
Received Import Request.
  Time since last request: 1291082.522067 seconds.
  path: Assets/Animations/РѕР·РµСЂР°/РіСЂСЏР·РЅРѕРµ РѕР·РµСЂРѕ.prefab
  artifactKey: Guid(d23cb8c2ebcf85b42b6d4ee01ebf1c70) Importer(815301076,1909f56bfc062723c751e8b465ee728b)
Start importing Assets/Animations/РѕР·РµСЂР°/РіСЂСЏР·РЅРѕРµ РѕР·РµСЂРѕ.prefab using Guid(d23cb8c2ebcf85b42b6d4ee01ebf1c70) Importer(815301076,1909f56bfc062723c751e8b465ee728b)  -> (artifact id: 'e1d35cab4cc52dd9e399e3d20fe9bf07') in 0.081777 seconds
Number of updated asset objects reloaded before import = 0
Number of asset objects unloaded after import = 7
========================================================================
Received Import Request.
  Time since last request: 7.466556 seconds.
  path: Assets/Ui/2.jpg
  artifactKey: Guid(35cde66790fae7b4790092d428f56680) Importer(815301076,1909f56bfc062723c751e8b465ee728b)
Start importing Assets/Ui/2.jpg using Guid(35cde66790fae7b4790092d428f56680) Importer(815301076,1909f56bfc062723c751e8b465ee728b)  -> (artifact id: '746b0336d9a6492198123bd6e261bfd5') in 0.056002 seconds
Number of updated asset objects reloaded before import = 0
Number of asset objects unloaded after import = 3
========================================================================
Received Import Request.
  Time since last request: 0.000016 seconds.
  path: Assets/Ui/3.jpg
  artifactKey: Guid(d24bc6ac09038f1469099fe908020ec7) Importer(815301076,1909f56bfc062723c751e8b465ee728b)
Start importing Assets/Ui/3.jpg using Guid(d24bc6ac09038f1469099fe908020ec7) Importer(815301076,1909f56bfc062723c751e8b465ee728b)  -> (artifact id: '9fc8d61b011ffa9885d93cfa829f06ad') in 0.069247 seconds
Number of updated asset objects reloaded before import = 0
Number of asset objects unloaded after import = 3
========================================================================
Received Prepare
Begin MonoManager ReloadAssembly
Symbol file LoadedFromMemory doesn't match image C:\Users\Frozen Umbra\Documents\GitHub\SaveTheWorld\UNECOMobile2D вЂ” РєРѕРїРёСЏ\Library\PackageCache\com.unity.visualscripting@1.8.0\Editor\VisualScripting.Core\Dependencies\YamlDotNet\Unity.VisualScripting.YamlDotNet.dll
Symbol file LoadedFromMemory doesn't match image C:\Users\Frozen Umbra\Documents\GitHub\SaveTheWorld\UNECOMobile2D вЂ” РєРѕРїРёСЏ\Library\PackageCache\com.unity.visualscripting@1.8.0\Editor\VisualScripting.Core\Dependencies\DotNetZip\Unity.VisualScripting.IonicZip.dll
- Loaded All Assemblies, in  0.618 seconds
Refreshing native plugins compatible for Editor in 6.95 ms, found 4 plugins.
Native extension for WindowsStandalone target not found
Native extension for Android target not found
Mono: successfully reloaded assembly
[Package Manager] Server::EnsureServerProcessIsRunning -- launch failed, reason: Unity was launched with the -noUpm command-line argument
[Package Manager] UpmClient::Send -- Unable to send message (not connected to UPM process).
[Package Manager] Cannot connect to Unity Package Manager local server
- Finished resetting the current domain, in  0.811 seconds
Domain Reload Profiling: 1425ms
	BeginReloadAssembly (137ms)
		ExecutionOrderSort (0ms)
		DisableScriptedObjects (10ms)
		BackupInstance (0ms)
		ReleaseScriptingObjects (0ms)
		CreateAndSetChildDomain (40ms)
	RebuildCommonClasses (26ms)
	RebuildNativeTypeToScriptingClass (8ms)
	initialDomainReloadingComplete (26ms)
	LoadAllAssembliesAndSetupDomain (417ms)
		LoadAssemblies (245ms)
		RebuildTransferFunctionScriptingTraits (0ms)
		AnalyzeDomain (220ms)
			TypeCache.Refresh (216ms)
				TypeCache.ScanAssembly (206ms)
			ScanForSourceGeneratedMonoScriptInfo (0ms)
			ResolveRequiredComponents (4ms)
	FinalizeReload (811ms)
		ReleaseScriptCaches (0ms)
		RebuildScriptCaches (0ms)
		SetupLoadedEditorAssemblies (333ms)
			LogAssemblyErrors (0ms)
			InitializePlatformSupportModulesInManaged (22ms)
			SetLoadedEditorAssemblies (4ms)
			RefreshPlugins (0ms)
			BeforeProcessingInitializeOnLoad (75ms)
			ProcessInitializeOnLoadAttributes (199ms)
			ProcessInitializeOnLoadMethodAttributes (27ms)
			AfterProcessingInitializeOnLoad (6ms)
			EditorAssembliesLoaded (0ms)
		ExecutionOrderSort2 (0ms)
		AwakeInstancesAfterBackupRestoration (10ms)
Refreshing native plugins compatible for Editor in 8.92 ms, found 4 plugins.
Preloading 0 native plugins for Editor in 0.00 ms.
Unloading 4334 Unused Serialized files (Serialized files now loaded: 0)
Unloading 52 unused Assets / (43.6 KB). Loaded Objects now: 4828.
Memory consumption went from 149.8 MB to 149.7 MB.
Total: 3.915200 ms (FindLiveObjects: 0.459300 ms CreateObjectMapping: 0.262300 ms MarkObjects: 3.113000 ms  DeleteObjects: 0.079700 ms)

Prepare: number of updated asset objects reloaded= 0
AssetImportParameters requested are different than current active one (requested -> active):
  custom:container-demuxer-ogg: 62fdf1f143b41e24485cea50d1cbac27 -> 
  custom:video-decoder-ogg-theora: a1e56fd34408186e4bbccfd4996cb3dc -> 
  custom:framework-win-MediaFoundation: 216162199b28c13a410421893ffa2e32 -> 
  custom:container-demuxer-webm: 4f35f7cbe854078d1ac9338744f61a02 -> 
  custom:container-muxer-webm: aa71ff27fc2769a1b78a27578f13a17b -> 
  custom:video-decoder-webm-vp8: 9c59270c3fd7afecdb556c50c9e8de78 -> 
  custom:AudioImporter_EditorPlatform: d09bf68614088b80899f8185d706f6e7 -> 
  custom:video-encoder-webm-vp8: eb34c28f22e8b96e1ab97ce403110664 -> 
  custom:audio-decoder-ogg-vorbis: bf7c407c2cedff20999df2af8eb42d56 -> 
  custom:audio-encoder-webm-vorbis: bf7c407c2cedff20999df2af8eb42d56 -> 
========================================================================
Received Import Request.
  Time since last request: 179.881914 seconds.
  path: Assets/Inventory/New Item 1.asset
  artifactKey: Guid(af216221e8ad21c46ba99edaf2a563c5) Importer(815301076,1909f56bfc062723c751e8b465ee728b)
Start importing Assets/Inventory/New Item 1.asset using Guid(af216221e8ad21c46ba99edaf2a563c5) Importer(815301076,1909f56bfc062723c751e8b465ee728b)  -> (artifact id: 'bc882fa727da5d39be1abfdab23719d2') in 0.010287 seconds
Number of updated asset objects reloaded before import = 0
Number of asset objects unloaded after import = 1
========================================================================
Received Import Request.
  Time since last request: 2.535529 seconds.
  path: Assets/Quests/РњРѕРґРµР»СЊРєРё/Р±РµС‚Р° Р·РµРјР»СЏ.prefab
  artifactKey: Guid(cc973127d5a0e0b48bbae7ece8ea64ba) Importer(815301076,1909f56bfc062723c751e8b465ee728b)
Start importing Assets/Quests/РњРѕРґРµР»СЊРєРё/Р±РµС‚Р° Р·РµРјР»СЏ.prefab using Guid(cc973127d5a0e0b48bbae7ece8ea64ba) Importer(815301076,1909f56bfc062723c751e8b465ee728b)  -> (artifact id: '3da6d179fd8c6684c9ebcedbe30f3349') in 0.125531 seconds
Number of updated asset objects reloaded before import = 0
Number of asset objects unloaded after import = 7
========================================================================
Received Import Request.
  Time since last request: 0.000021 seconds.
  path: Assets/Quests/РњРѕРґРµР»СЊРєРё/Р±РµС‚Р° Р·РµРјР»СЏ (1).prefab
  artifactKey: Guid(08e0a9859d11c684c870bd3fb1e58232) Importer(815301076,1909f56bfc062723c751e8b465ee728b)
Start importing Assets/Quests/РњРѕРґРµР»СЊРєРё/Р±РµС‚Р° Р·РµРјР»СЏ (1).prefab using Guid(08e0a9859d11c684c870bd3fb1e58232) Importer(815301076,1909f56bfc062723c751e8b465ee728b)  -> (artifact id: '82b66fd339609e23b5fac621cd0f4874') in 0.033335 seconds
Number of updated asset objects reloaded before import = 0
Number of asset objects unloaded after import = 7
========================================================================
Received Import Request.
  Time since last request: 0.000022 seconds.
  path: Assets/Quests/РњРѕРґРµР»СЊРєРё/Р±РµС‚Р° Р·РµРјР»СЏ СЃРѕР±СЂР°РЅРёРµ.png
  artifactKey: Guid(6ae46ee12a4b71b4fb6bff0578fd14e6) Importer(815301076,1909f56bfc062723c751e8b465ee728b)
Start importing Assets/Quests/РњРѕРґРµР»СЊРєРё/Р±РµС‚Р° Р·РµРјР»СЏ СЃРѕР±СЂР°РЅРёРµ.png using Guid(6ae46ee12a4b71b4fb6bff0578fd14e6) Importer(815301076,1909f56bfc062723c751e8b465ee728b)  -> (artifact id: 'bef2ad377129bd8eb7107d1231d6238e') in 0.071095 seconds
Number of updated asset objects reloaded before import = 0
Number of asset objects unloaded after import = 3
========================================================================
Received Import Request.
  Time since last request: 0.000029 seconds.
  path: Assets/Quests/РњРѕРґРµР»СЊРєРё/Р±РµС‚Р° Р·РµРјР»СЏ.psd
  artifactKey: Guid(068450656a1ded1428cd835806bcf2c2) Importer(815301076,1909f56bfc062723c751e8b465ee728b)
Start importing Assets/Quests/РњРѕРґРµР»СЊРєРё/Р±РµС‚Р° Р·РµРјР»СЏ.psd using Guid(068450656a1ded1428cd835806bcf2c2) Importer(815301076,1909f56bfc062723c751e8b465ee728b)  -> (artifact id: '05f8ae7323e2403d89473170dd0af307') in 0.060797 seconds
Number of updated asset objects reloaded before import = 0
Number of asset objects unloaded after import = 3
========================================================================
Received Import Request.
  Time since last request: 0.000018 seconds.
  path: Assets/Quests/РњРѕРґРµР»СЊРєРё/РєР°РјРµРЅСЊ.png
  artifactKey: Guid(3de5f420bd0297c44b45d4d39d8dd84d) Importer(815301076,1909f56bfc062723c751e8b465ee728b)
Start importing Assets/Quests/РњРѕРґРµР»СЊРєРё/РєР°РјРµРЅСЊ.png using Guid(3de5f420bd0297c44b45d4d39d8dd84d) Importer(815301076,1909f56bfc062723c751e8b465ee728b)  -> (artifact id: 'c0ea9f12c348e5ebb2f6e1506f8b549d') in 0.033834 seconds
Number of updated asset objects reloaded before import = 0
Number of asset objects unloaded after import = 3
========================================================================
Received Import Request.
  Time since last request: 0.000019 seconds.
  path: Assets/Quests/РњРѕРґРµР»СЊРєРё/С‚РµРЅСЊ РєСЂСѓРі.png
  artifactKey: Guid(573a8f379ccd3444ca7579d079cfa984) Importer(815301076,1909f56bfc062723c751e8b465ee728b)
Start importing Assets/Quests/РњРѕРґРµР»СЊРєРё/С‚РµРЅСЊ РєСЂСѓРі.png using Guid(573a8f379ccd3444ca7579d079cfa984) Importer(815301076,1909f56bfc062723c751e8b465ee728b)  -> (artifact id: '2cbab1bbdd456fe5a3e48625035b1a79') in 0.054697 seconds
Number of updated asset objects reloaded before import = 0
Number of asset objects unloaded after import = 3
========================================================================
Received Import Request.
  Time since last request: 0.000019 seconds.
  path: Assets/Quests/РњРѕРґРµР»СЊРєРё/РґРµСЂРµРІРѕ.png
  artifactKey: Guid(1017c2f410b27864a9ad1355829286d3) Importer(815301076,1909f56bfc062723c751e8b465ee728b)
Start importing Assets/Quests/РњРѕРґРµР»СЊРєРё/РґРµСЂРµРІРѕ.png using Guid(1017c2f410b27864a9ad1355829286d3) Importer(815301076,1909f56bfc062723c751e8b465ee728b)  -> (artifact id: '0be4e2f24f106d0ca27c6d56776d0b91') in 0.024265 seconds
Number of updated asset objects reloaded before import = 0
Number of asset objects unloaded after import = 3
========================================================================
Received Import Request.
  Time since last request: 3.930801 seconds.
  path: Assets/Quests/РњРѕРґРµР»СЊРєРё/РјРµРґРІРµРґСЊ/Р·Р°Рґ Р»РµРІ РїСЏС‚РєР°.png
  artifactKey: Guid(3622531affb0e9249865b21a65c6ba2e) Importer(815301076,1909f56bfc062723c751e8b465ee728b)
Start importing Assets/Quests/РњРѕРґРµР»СЊРєРё/РјРµРґРІРµРґСЊ/Р·Р°Рґ Р»РµРІ РїСЏС‚РєР°.png using Guid(3622531affb0e9249865b21a65c6ba2e) Importer(815301076,1909f56bfc062723c751e8b465ee728b)  -> (artifact id: 'd4e5d8c5c9f62731f1fed29ed0c8964e') in 0.032722 seconds
Number of updated asset objects reloaded before import = 0
Number of asset objects unloaded after import = 3
========================================================================
Received Import Request.
  Time since last request: 0.000020 seconds.
  path: Assets/Quests/РњРѕРґРµР»СЊРєРё/РјРµРґРІРµРґСЊ/РїРµСЂРµРґ Р»РµРІ РіРѕР»РµРЅСЊ.png
  artifactKey: Guid(02f335412d0f98149bdd8cf9ef99cc45) Importer(815301076,1909f56bfc062723c751e8b465ee728b)
Start importing Assets/Quests/РњРѕРґРµР»СЊРєРё/РјРµРґРІРµРґСЊ/РїРµСЂРµРґ Р»РµРІ РіРѕР»РµРЅСЊ.png using Guid(02f335412d0f98149bdd8cf9ef99cc45) Importer(815301076,1909f56bfc062723c751e8b465ee728b)  -> (artifact id: '839c7b9d7594a46e256cf9fd35a40ea2') in 0.024804 seconds
Number of updated asset objects reloaded before import = 0
Number of asset objects unloaded after import = 3
========================================================================
Received Import Request.
  Time since last request: 0.000021 seconds.
  path: Assets/Quests/РњРѕРґРµР»СЊРєРё/РјРµРґРІРµРґСЊ/Р·Р°Рґ РїСЂР°РІ РїСЏС‚РєР°.png
  artifactKey: Guid(8c52d0468bd5d4a4e9d338ea4acef7cc) Importer(815301076,1909f56bfc062723c751e8b465ee728b)
Start importing Assets/Quests/РњРѕРґРµР»СЊРєРё/РјРµРґРІРµРґСЊ/Р·Р°Рґ РїСЂР°РІ РїСЏС‚РєР°.png using Guid(8c52d0468bd5d4a4e9d338ea4acef7cc) Importer(815301076,1909f56bfc062723c751e8b465ee728b)  -> (artifact id: '1a38f7c51b42623dbbc95f5da5fabe8a') in 0.039274 seconds
Number of updated asset objects reloaded before import = 0
Number of asset objects unloaded after import = 3
========================================================================
Received Import Request.
  Time since last request: 0.000022 seconds.
  path: Assets/Quests/РњРѕРґРµР»СЊРєРё/РјРµРґРІРµРґСЊ/РїРµСЂРµРґ Р»РµРІ РїСЏС‚РєР°.png
  artifactKey: Guid(cd1f6771a41a2c84b95bf52764d769cd) Importer(815301076,1909f56bfc062723c751e8b465ee728b)
Start importing Assets/Quests/РњРѕРґРµР»СЊРєРё/РјРµРґРІРµРґСЊ/РїРµСЂРµРґ Р»РµРІ РїСЏС‚РєР°.png using Guid(cd1f6771a41a2c84b95bf52764d769cd) Importer(815301076,1909f56bfc062723c751e8b465ee728b)  -> (artifact id: '592ba1c6e4d9b1dfd14c3c3afd89575d') in 0.018600 seconds
Number of updated asset objects reloaded before import = 0
Number of asset objects unloaded after import = 3
Editor requested this worker to shutdown with reason: Scaling down because of idle timeout
TcpMessagingSession - receive error: operation aborted. errorcode: 995, details: Операция ввода/вывода была прервана из-за завершения потока команд или по запросу приложения.
AssetImportWorker is now disconnected from the server
Process exiting
Exiting without the bug reporter. Application will terminate with return code 0