Using pre-set license
Built from '2022.3/staging' branch; Version is '2022.3.1f1 (f18e0c1b5784) revision 15830540'; Using compiler version '192829333'; Build Type 'Release'
OS: 'Windows 10  (10.0.19045) 64bit Professional' Language: 'ru' Physical Memory: 30932 MB
BatchMode: 1, IsHumanControllingUs: 0, StartBugReporterOnCrash: 0, Is64bit: 1, IsPro: 1

COMMAND LINE ARGUMENTS:
C:\Program Files\Unity\Hub\Editor\2022.3.1f1\Editor\Unity.exe
-adb2
-batchMode
-noUpm
-name
AssetImportWorker0
-projectPath
C:/Users/Frozen Umbra/Documents/GitHub/SaveTheWorld/UNECOMobile2D вЂ” РєРѕРїРёСЏ
-logFile
Logs/AssetImportWorker0.log
-srvPort
62266
Successfully changed project path to: C:/Users/Frozen Umbra/Documents/GitHub/SaveTheWorld/UNECOMobile2D вЂ” РєРѕРїРёСЏ
C:/Users/Frozen Umbra/Documents/GitHub/SaveTheWorld/UNECOMobile2D вЂ” РєРѕРїРёСЏ
[UnityMemory] Configuration Parameters - Can be set up in boot.config
    "memorysetup-bucket-allocator-granularity=16"
    "memorysetup-bucket-allocator-bucket-count=8"
    "memorysetup-bucket-allocator-block-size=33554432"
    "memorysetup-bucket-allocator-block-count=8"
    "memorysetup-main-allocator-block-size=16777216"
    "memorysetup-thread-allocator-block-size=16777216"
    "memorysetup-gfx-main-allocator-block-size=16777216"
    "memorysetup-gfx-thread-allocator-block-size=16777216"
    "memorysetup-cache-allocator-block-size=4194304"
    "memorysetup-typetree-allocator-block-size=2097152"
    "memorysetup-profiler-bucket-allocator-granularity=16"
    "memorysetup-profiler-bucket-allocator-bucket-count=8"
    "memorysetup-profiler-bucket-allocator-block-size=33554432"
    "memorysetup-profiler-bucket-allocator-block-count=8"
    "memorysetup-profiler-allocator-block-size=16777216"
    "memorysetup-profiler-editor-allocator-block-size=1048576"
    "memorysetup-temp-allocator-size-main=16777216"
    "memorysetup-job-temp-allocator-block-size=2097152"
    "memorysetup-job-temp-allocator-block-size-background=1048576"
    "memorysetup-job-temp-allocator-reduction-small-platforms=262144"
    "memorysetup-allocator-temp-initial-block-size-main=262144"
    "memorysetup-allocator-temp-initial-block-size-worker=262144"
    "memorysetup-temp-allocator-size-background-worker=32768"
    "memorysetup-temp-allocator-size-job-worker=262144"
    "memorysetup-temp-allocator-size-preload-manager=33554432"
    "memorysetup-temp-allocator-size-nav-mesh-worker=65536"
    "memorysetup-temp-allocator-size-audio-worker=65536"
    "memorysetup-temp-allocator-size-cloud-worker=32768"
    "memorysetup-temp-allocator-size-gi-baking-worker=262144"
    "memorysetup-temp-allocator-size-gfx=262144"
Player connection [14368] Host "[IP] 192.168.1.50 [Port] 0 [Flags] 2 [Guid] 1843657983 [EditorId] 1843657983 [Version] 1048832 [Id] WindowsEditor(7,DESKTOP-O1204U5) [Debug] 1 [PackageName] WindowsEditor [ProjectName] Editor" joined multi-casting on [225.0.0.222:54997]...

Player connection [14368] Host "[IP] 192.168.1.50 [Port] 0 [Flags] 2 [Guid] 1843657983 [EditorId] 1843657983 [Version] 1048832 [Id] WindowsEditor(7,DESKTOP-O1204U5) [Debug] 1 [PackageName] WindowsEditor [ProjectName] Editor" joined alternative multi-casting on [225.0.0.222:34997]...

Refreshing native plugins compatible for Editor in 16.05 ms, found 4 plugins.
Preloading 0 native plugins for Editor in 0.00 ms.
Initialize engine version: 2022.3.1f1 (f18e0c1b5784)
[Subsystems] Discovering subsystems at path C:/Program Files/Unity/Hub/Editor/2022.3.1f1/Editor/Data/Resources/UnitySubsystems
[Subsystems] Discovering subsystems at path C:/Users/Frozen Umbra/Documents/GitHub/SaveTheWorld/UNECOMobile2D вЂ” РєРѕРїРёСЏ/Assets
GfxDevice: creating device client; threaded=0; jobified=0
Direct3D:
    Version:  Direct3D 11.0 [level 11.1]
    Renderer: NVIDIA GeForce RTX 3050 (ID=0x2507)
    Vendor:   NVIDIA
    VRAM:     8056 MB
    Driver:   31.0.15.2698
Initialize mono
Mono path[0] = 'C:/Program Files/Unity/Hub/Editor/2022.3.1f1/Editor/Data/Managed'
Mono path[1] = 'C:/Program Files/Unity/Hub/Editor/2022.3.1f1/Editor/Data/MonoBleedingEdge/lib/mono/unityjit-win32'
Mono config path = 'C:/Program Files/Unity/Hub/Editor/2022.3.1f1/Editor/Data/MonoBleedingEdge/etc'
Using monoOptions --debugger-agent=transport=dt_socket,embedding=1,server=y,suspend=n,address=127.0.0.1:56148
Begin MonoManager ReloadAssembly
Registering precompiled unity dll's ...
Register platform support module: C:/Program Files/Unity/Hub/Editor/2022.3.1f1/Editor/Data/PlaybackEngines/AndroidPlayer/UnityEditor.Android.Extensions.dll
Register platform support module: C:/Program Files/Unity/Hub/Editor/2022.3.1f1/Editor/Data/PlaybackEngines/WindowsStandaloneSupport/UnityEditor.WindowsStandalone.Extensions.dll
Registered in 0.008171 seconds.
- Loaded All Assemblies, in  0.310 seconds
Native extension for WindowsStandalone target not found
Native extension for Android target not found
Android Extension - Scanning For ADB Devices 227 ms
Mono: successfully reloaded assembly
- Finished resetting the current domain, in  0.515 seconds
Domain Reload Profiling: 824ms
	BeginReloadAssembly (74ms)
		ExecutionOrderSort (0ms)
		DisableScriptedObjects (0ms)
		BackupInstance (0ms)
		ReleaseScriptingObjects (0ms)
		CreateAndSetChildDomain (1ms)
	RebuildCommonClasses (33ms)
	RebuildNativeTypeToScriptingClass (8ms)
	initialDomainReloadingComplete (57ms)
	LoadAllAssembliesAndSetupDomain (135ms)
		LoadAssemblies (73ms)
		RebuildTransferFunctionScriptingTraits (0ms)
		AnalyzeDomain (129ms)
			TypeCache.Refresh (128ms)
				TypeCache.ScanAssembly (116ms)
			ScanForSourceGeneratedMonoScriptInfo (0ms)
			ResolveRequiredComponents (1ms)
	FinalizeReload (515ms)
		ReleaseScriptCaches (0ms)
		RebuildScriptCaches (0ms)
		SetupLoadedEditorAssemblies (461ms)
			LogAssemblyErrors (0ms)
			InitializePlatformSupportModulesInManaged (326ms)
			SetLoadedEditorAssemblies (3ms)
			RefreshPlugins (0ms)
			BeforeProcessingInitializeOnLoad (2ms)
			ProcessInitializeOnLoadAttributes (90ms)
			ProcessInitializeOnLoadMethodAttributes (40ms)
			AfterProcessingInitializeOnLoad (0ms)
			EditorAssembliesLoaded (0ms)
		ExecutionOrderSort2 (0ms)
		AwakeInstancesAfterBackupRestoration (0ms)
========================================================================
Worker process is ready to serve import requests
Begin MonoManager ReloadAssembly
Symbol file LoadedFromMemory doesn't match image C:\Users\Frozen Umbra\Documents\GitHub\SaveTheWorld\UNECOMobile2D вЂ” РєРѕРїРёСЏ\Library\PackageCache\com.unity.visualscripting@1.8.0\Editor\VisualScripting.Core\Dependencies\YamlDotNet\Unity.VisualScripting.YamlDotNet.dll
Symbol file LoadedFromMemory doesn't match image C:\Users\Frozen Umbra\Documents\GitHub\SaveTheWorld\UNECOMobile2D вЂ” РєРѕРїРёСЏ\Library\PackageCache\com.unity.visualscripting@1.8.0\Editor\VisualScripting.Core\Dependencies\DotNetZip\Unity.VisualScripting.IonicZip.dll
- Loaded All Assemblies, in  0.735 seconds
Refreshing native plugins compatible for Editor in 7.40 ms, found 4 plugins.
Native extension for WindowsStandalone target not found
Native extension for Android target not found
Mono: successfully reloaded assembly
Package Manager log level set to [2]
[Package Manager] Server::EnsureServerProcessIsRunning -- launch failed, reason: Unity was launched with the -noUpm command-line argument
[Package Manager] UpmClient::Send -- Unable to send message (not connected to UPM process).
[Package Manager] Cannot connect to Unity Package Manager local server
[Package Manager] Server::EnsureServerProcessIsRunning -- launch failed, reason: Unity was launched with the -noUpm command-line argument
[Package Manager] UpmClient::Send -- Unable to send message (not connected to UPM process).
[Package Manager] Cannot connect to Unity Package Manager local server
- Finished resetting the current domain, in  0.532 seconds
Domain Reload Profiling: 1263ms
	BeginReloadAssembly (122ms)
		ExecutionOrderSort (0ms)
		DisableScriptedObjects (5ms)
		BackupInstance (0ms)
		ReleaseScriptingObjects (0ms)
		CreateAndSetChildDomain (24ms)
	RebuildCommonClasses (30ms)
	RebuildNativeTypeToScriptingClass (8ms)
	initialDomainReloadingComplete (41ms)
	LoadAllAssembliesAndSetupDomain (528ms)
		LoadAssemblies (301ms)
		RebuildTransferFunctionScriptingTraits (0ms)
		AnalyzeDomain (282ms)
			TypeCache.Refresh (254ms)
				TypeCache.ScanAssembly (237ms)
			ScanForSourceGeneratedMonoScriptInfo (24ms)
			ResolveRequiredComponents (4ms)
	FinalizeReload (532ms)
		ReleaseScriptCaches (0ms)
		RebuildScriptCaches (0ms)
		SetupLoadedEditorAssemblies (379ms)
			LogAssemblyErrors (0ms)
			InitializePlatformSupportModulesInManaged (22ms)
			SetLoadedEditorAssemblies (5ms)
			RefreshPlugins (0ms)
			BeforeProcessingInitializeOnLoad (78ms)
			ProcessInitializeOnLoadAttributes (235ms)
			ProcessInitializeOnLoadMethodAttributes (32ms)
			AfterProcessingInitializeOnLoad (7ms)
			EditorAssembliesLoaded (0ms)
		ExecutionOrderSort2 (0ms)
		AwakeInstancesAfterBackupRestoration (6ms)
Launched and connected shader compiler UnityShaderCompiler.exe after 0.04 seconds
Refreshing native plugins compatible for Editor in 8.87 ms, found 4 plugins.
Preloading 0 native plugins for Editor in 0.00 ms.
Unloading 4360 Unused Serialized files (Serialized files now loaded: 0)
Unloading 80 unused Assets / (69.4 KB). Loaded Objects now: 4813.
Memory consumption went from 156.6 MB to 156.5 MB.
Total: 4.015800 ms (FindLiveObjects: 0.350400 ms CreateObjectMapping: 0.267400 ms MarkObjects: 3.231000 ms  DeleteObjects: 0.165700 ms)

AssetImportParameters requested are different than current active one (requested -> active):
  custom:container-demuxer-ogg: 62fdf1f143b41e24485cea50d1cbac27 -> 
  custom:video-decoder-ogg-theora: a1e56fd34408186e4bbccfd4996cb3dc -> 
  custom:framework-win-MediaFoundation: 216162199b28c13a410421893ffa2e32 -> 
  custom:container-demuxer-webm: 4f35f7cbe854078d1ac9338744f61a02 -> 
  custom:container-muxer-webm: aa71ff27fc2769a1b78a27578f13a17b -> 
  custom:video-decoder-webm-vp8: 9c59270c3fd7afecdb556c50c9e8de78 -> 
  custom:AudioImporter_EditorPlatform: d09bf68614088b80899f8185d706f6e7 -> 
  custom:video-encoder-webm-vp8: eb34c28f22e8b96e1ab97ce403110664 -> 
  custom:audio-decoder-ogg-vorbis: bf7c407c2cedff20999df2af8eb42d56 -> 
  custom:audio-encoder-webm-vorbis: bf7c407c2cedff20999df2af8eb42d56 -> 
========================================================================
Received Import Request.
  Time since last request: 1291024.930090 seconds.
  path: Assets/Readme.asset
  artifactKey: Guid(7f2c382dc2c22446db59030979f6e495) Importer(815301076,1909f56bfc062723c751e8b465ee728b)
Start importing Assets/Readme.asset using Guid(7f2c382dc2c22446db59030979f6e495) Importer(815301076,1909f56bfc062723c751e8b465ee728b)  -> (artifact id: '83096c193d9a8d32174c451a9e92adce') in 0.014938 seconds
Number of updated asset objects reloaded before import = 0
Number of asset objects unloaded after import = 2
========================================================================
Received Import Request.
  Time since last request: 45.512775 seconds.
  path: Assets/Animations/bear/Walk.anim
  artifactKey: Guid(1d8966595c12cab4d9377fa63dd5c7b3) Importer(815301076,1909f56bfc062723c751e8b465ee728b)
Start importing Assets/Animations/bear/Walk.anim using Guid(1d8966595c12cab4d9377fa63dd5c7b3) Importer(815301076,1909f56bfc062723c751e8b465ee728b)  -> (artifact id: '26f51d2892b29a0fce64e692ce353efd') in 0.002080 seconds
Number of updated asset objects reloaded before import = 0
Number of asset objects unloaded after import = 1
========================================================================
Received Import Request.
  Time since last request: 12.059744 seconds.
  path: Assets/Animations/РѕР·РµСЂР°/РіСЂСЏР·РЅРѕРµ РѕР·РµСЂРѕ.png
  artifactKey: Guid(64daacc116e1d5a439f6ec3a0b3ab0a3) Importer(815301076,1909f56bfc062723c751e8b465ee728b)
Start importing Assets/Animations/РѕР·РµСЂР°/РіСЂСЏР·РЅРѕРµ РѕР·РµСЂРѕ.png using Guid(64daacc116e1d5a439f6ec3a0b3ab0a3) Importer(815301076,1909f56bfc062723c751e8b465ee728b)  -> (artifact id: '7df7b6878d2d2537c050153b395268b4') in 0.076297 seconds
Number of updated asset objects reloaded before import = 0
Number of asset objects unloaded after import = 3
========================================================================
Received Import Request.
  Time since last request: 0.000023 seconds.
  path: Assets/Animations/РѕР·РµСЂР°/С‡РёСЃС‚РѕРµ РѕР·РµСЂРѕ.png
  artifactKey: Guid(a41eca6ace266f0408d77ba664dd1814) Importer(815301076,1909f56bfc062723c751e8b465ee728b)
Start importing Assets/Animations/РѕР·РµСЂР°/С‡РёСЃС‚РѕРµ РѕР·РµСЂРѕ.png using Guid(a41eca6ace266f0408d77ba664dd1814) Importer(815301076,1909f56bfc062723c751e8b465ee728b)  -> (artifact id: '9de96f0a6d168d39cdc73fcd4d8abaf2') in 0.021285 seconds
Number of updated asset objects reloaded before import = 0
Number of asset objects unloaded after import = 3
========================================================================
Received Import Request.
  Time since last request: 7.450651 seconds.
  path: Assets/Ui/1.png
  artifactKey: Guid(a8c402db777ac7d4595d6f40c0d7649a) Importer(815301076,1909f56bfc062723c751e8b465ee728b)
Start importing Assets/Ui/1.png using Guid(a8c402db777ac7d4595d6f40c0d7649a) Importer(815301076,1909f56bfc062723c751e8b465ee728b)  -> (artifact id: 'ef3a9ed47d2a666d603272bd26b85b7d') in 0.091983 seconds
Number of updated asset objects reloaded before import = 0
Number of asset objects unloaded after import = 3
========================================================================
Received Import Request.
  Time since last request: 0.000015 seconds.
  path: Assets/Ui/4.jpg
  artifactKey: Guid(abaef2d825e27834c9040c27e1cb04e9) Importer(815301076,1909f56bfc062723c751e8b465ee728b)
Start importing Assets/Ui/4.jpg using Guid(abaef2d825e27834c9040c27e1cb04e9) Importer(815301076,1909f56bfc062723c751e8b465ee728b)  -> (artifact id: '56ca2e1d88e6c09132dd7338fc43c611') in 0.020039 seconds
Number of updated asset objects reloaded before import = 0
Number of asset objects unloaded after import = 3
========================================================================
Received Prepare
Begin MonoManager ReloadAssembly
Symbol file LoadedFromMemory doesn't match image C:\Users\Frozen Umbra\Documents\GitHub\SaveTheWorld\UNECOMobile2D вЂ” РєРѕРїРёСЏ\Library\PackageCache\com.unity.visualscripting@1.8.0\Editor\VisualScripting.Core\Dependencies\YamlDotNet\Unity.VisualScripting.YamlDotNet.dll
Symbol file LoadedFromMemory doesn't match image C:\Users\Frozen Umbra\Documents\GitHub\SaveTheWorld\UNECOMobile2D вЂ” РєРѕРїРёСЏ\Library\PackageCache\com.unity.visualscripting@1.8.0\Editor\VisualScripting.Core\Dependencies\DotNetZip\Unity.VisualScripting.IonicZip.dll
- Loaded All Assemblies, in  0.629 seconds
Refreshing native plugins compatible for Editor in 6.94 ms, found 4 plugins.
Native extension for WindowsStandalone target not found
Native extension for Android target not found
Mono: successfully reloaded assembly
[Package Manager] Server::EnsureServerProcessIsRunning -- launch failed, reason: Unity was launched with the -noUpm command-line argument
[Package Manager] UpmClient::Send -- Unable to send message (not connected to UPM process).
[Package Manager] Cannot connect to Unity Package Manager local server
- Finished resetting the current domain, in  0.850 seconds
Domain Reload Profiling: 1475ms
	BeginReloadAssembly (135ms)
		ExecutionOrderSort (0ms)
		DisableScriptedObjects (10ms)
		BackupInstance (0ms)
		ReleaseScriptingObjects (0ms)
		CreateAndSetChildDomain (38ms)
	RebuildCommonClasses (29ms)
	RebuildNativeTypeToScriptingClass (9ms)
	initialDomainReloadingComplete (26ms)
	LoadAllAssembliesAndSetupDomain (426ms)
		LoadAssemblies (247ms)
		RebuildTransferFunctionScriptingTraits (0ms)
		AnalyzeDomain (231ms)
			TypeCache.Refresh (226ms)
				TypeCache.ScanAssembly (214ms)
			ScanForSourceGeneratedMonoScriptInfo (0ms)
			ResolveRequiredComponents (4ms)
	FinalizeReload (850ms)
		ReleaseScriptCaches (0ms)
		RebuildScriptCaches (0ms)
		SetupLoadedEditorAssemblies (343ms)
			LogAssemblyErrors (0ms)
			InitializePlatformSupportModulesInManaged (22ms)
			SetLoadedEditorAssemblies (4ms)
			RefreshPlugins (0ms)
			BeforeProcessingInitializeOnLoad (77ms)
			ProcessInitializeOnLoadAttributes (209ms)
			ProcessInitializeOnLoadMethodAttributes (26ms)
			AfterProcessingInitializeOnLoad (6ms)
			EditorAssembliesLoaded (0ms)
		ExecutionOrderSort2 (0ms)
		AwakeInstancesAfterBackupRestoration (9ms)
Refreshing native plugins compatible for Editor in 8.67 ms, found 4 plugins.
Preloading 0 native plugins for Editor in 0.00 ms.
Unloading 4334 Unused Serialized files (Serialized files now loaded: 0)
Unloading 52 unused Assets / (43.6 KB). Loaded Objects now: 4825.
Memory consumption went from 149.7 MB to 149.7 MB.
Total: 3.784900 ms (FindLiveObjects: 0.334300 ms CreateObjectMapping: 0.247300 ms MarkObjects: 3.086100 ms  DeleteObjects: 0.116300 ms)

Prepare: number of updated asset objects reloaded= 0
AssetImportParameters requested are different than current active one (requested -> active):
  custom:container-demuxer-ogg: 62fdf1f143b41e24485cea50d1cbac27 -> 
  custom:video-decoder-ogg-theora: a1e56fd34408186e4bbccfd4996cb3dc -> 
  custom:framework-win-MediaFoundation: 216162199b28c13a410421893ffa2e32 -> 
  custom:container-demuxer-webm: 4f35f7cbe854078d1ac9338744f61a02 -> 
  custom:container-muxer-webm: aa71ff27fc2769a1b78a27578f13a17b -> 
  custom:video-decoder-webm-vp8: 9c59270c3fd7afecdb556c50c9e8de78 -> 
  custom:AudioImporter_EditorPlatform: d09bf68614088b80899f8185d706f6e7 -> 
  custom:video-encoder-webm-vp8: eb34c28f22e8b96e1ab97ce403110664 -> 
  custom:audio-decoder-ogg-vorbis: bf7c407c2cedff20999df2af8eb42d56 -> 
  custom:audio-encoder-webm-vorbis: bf7c407c2cedff20999df2af8eb42d56 -> 
========================================================================
Received Import Request.
  Time since last request: 179.894903 seconds.
  path: Assets/Inventory/New Item.asset
  artifactKey: Guid(89afc1695b649fc419cf31e3177529b2) Importer(815301076,1909f56bfc062723c751e8b465ee728b)
Start importing Assets/Inventory/New Item.asset using Guid(89afc1695b649fc419cf31e3177529b2) Importer(815301076,1909f56bfc062723c751e8b465ee728b)  -> (artifact id: '0a7a1aadbfcf410d140d1b19f2316a0b') in 0.010407 seconds
Number of updated asset objects reloaded before import = 0
Number of asset objects unloaded after import = 2
========================================================================
Received Import Request.
  Time since last request: 2.467661 seconds.
  path: Assets/Quests/РњРѕРґРµР»СЊРєРё
  artifactKey: Guid(08cc217163d600942be34a5e837e83d3) Importer(815301076,1909f56bfc062723c751e8b465ee728b)
Start importing Assets/Quests/РњРѕРґРµР»СЊРєРё using Guid(08cc217163d600942be34a5e837e83d3) Importer(815301076,1909f56bfc062723c751e8b465ee728b)  -> (artifact id: '88b90d7201a708f796c6b3015cd1bc29') in 0.000489 seconds
Number of updated asset objects reloaded before import = 0
Number of asset objects unloaded after import = 0
========================================================================
Received Import Request.
  Time since last request: 0.060012 seconds.
  path: Assets/Quests/РњРѕРґРµР»СЊРєРё/Р±РµС‚Р° Р·РµРјР»СЏ.png
  artifactKey: Guid(e5ef456761434ea469aeea33acf7e32c) Importer(815301076,1909f56bfc062723c751e8b465ee728b)
Start importing Assets/Quests/РњРѕРґРµР»СЊРєРё/Р±РµС‚Р° Р·РµРјР»СЏ.png using Guid(e5ef456761434ea469aeea33acf7e32c) Importer(815301076,1909f56bfc062723c751e8b465ee728b)  -> (artifact id: 'bb3a379b20da592300a5d99b35883970') in 0.100499 seconds
Number of updated asset objects reloaded before import = 0
Number of asset objects unloaded after import = 3
========================================================================
Received Import Request.
  Time since last request: 0.000020 seconds.
  path: Assets/Quests/РњРѕРґРµР»СЊРєРё/РґРёР°Р»РѕРі РѕРєРЅРѕ.png
  artifactKey: Guid(b87ac635f11265043a3d7f83dbbb0c5c) Importer(815301076,1909f56bfc062723c751e8b465ee728b)
Start importing Assets/Quests/РњРѕРґРµР»СЊРєРё/РґРёР°Р»РѕРі РѕРєРЅРѕ.png using Guid(b87ac635f11265043a3d7f83dbbb0c5c) Importer(815301076,1909f56bfc062723c751e8b465ee728b)  -> (artifact id: '15ad3c70b9ca226b56c7efc62e7ebe31') in 0.054773 seconds
Number of updated asset objects reloaded before import = 0
Number of asset objects unloaded after import = 3
========================================================================
Received Import Request.
  Time since last request: 0.000019 seconds.
  path: Assets/Quests/РњРѕРґРµР»СЊРєРё/РєР°РєС‚СѓСЃ.png
  artifactKey: Guid(b6e16aa37677ced49a16e028e0d0094a) Importer(815301076,1909f56bfc062723c751e8b465ee728b)
Start importing Assets/Quests/РњРѕРґРµР»СЊРєРё/РєР°РєС‚СѓСЃ.png using Guid(b6e16aa37677ced49a16e028e0d0094a) Importer(815301076,1909f56bfc062723c751e8b465ee728b)  -> (artifact id: '8f9f868229b7c7be995327bd8091d051') in 0.043173 seconds
Number of updated asset objects reloaded before import = 0
Number of asset objects unloaded after import = 3
========================================================================
Received Import Request.
  Time since last request: 0.000360 seconds.
  path: Assets/Quests/РњРѕРґРµР»СЊРєРё/РєР°РєС‚СѓСЃ.prefab
  artifactKey: Guid(6eadf0f893299bd4aab5d4e6625f984b) Importer(815301076,1909f56bfc062723c751e8b465ee728b)
Start importing Assets/Quests/РњРѕРґРµР»СЊРєРё/РєР°РєС‚СѓСЃ.prefab using Guid(6eadf0f893299bd4aab5d4e6625f984b) Importer(815301076,1909f56bfc062723c751e8b465ee728b)  -> (artifact id: '76c7f26fd8e5edff02463d2ea3eee2b5') in 0.056746 seconds
Number of updated asset objects reloaded before import = 0
Number of asset objects unloaded after import = 7
========================================================================
Received Import Request.
  Time since last request: 0.000017 seconds.
  path: Assets/Quests/РњРѕРґРµР»СЊРєРё/РґРµСЂРµРІРѕ 1.png
  artifactKey: Guid(67b8fca589f5cc24fa334ad4ba0a2c0e) Importer(815301076,1909f56bfc062723c751e8b465ee728b)
Start importing Assets/Quests/РњРѕРґРµР»СЊРєРё/РґРµСЂРµРІРѕ 1.png using Guid(67b8fca589f5cc24fa334ad4ba0a2c0e) Importer(815301076,1909f56bfc062723c751e8b465ee728b)  -> (artifact id: '82ea6fe6f7939593efe811725c6166c3') in 0.030605 seconds
Number of updated asset objects reloaded before import = 0
Number of asset objects unloaded after import = 3
========================================================================
Received Import Request.
  Time since last request: 0.000021 seconds.
  path: Assets/Quests/РњРѕРґРµР»СЊРєРё/С‚РµРЅСЊ СЃРёР»СѓРµС‚ РґРµСЂРµРІРѕ.png
  artifactKey: Guid(3332512798c566949a8d0df503749c19) Importer(815301076,1909f56bfc062723c751e8b465ee728b)
Start importing Assets/Quests/РњРѕРґРµР»СЊРєРё/С‚РµРЅСЊ СЃРёР»СѓРµС‚ РґРµСЂРµРІРѕ.png using Guid(3332512798c566949a8d0df503749c19) Importer(815301076,1909f56bfc062723c751e8b465ee728b)  -> (artifact id: '3b867331d2c68f39aca62e3613442b90') in 0.046930 seconds
Number of updated asset objects reloaded before import = 0
Number of asset objects unloaded after import = 3
========================================================================
Received Import Request.
  Time since last request: 0.001705 seconds.
  path: Assets/Quests/РњРѕРґРµР»СЊРєРё/РєР°РјРµРЅСЊ.prefab
  artifactKey: Guid(3ce2314b701546f42b55b1818f854b21) Importer(815301076,1909f56bfc062723c751e8b465ee728b)
Start importing Assets/Quests/РњРѕРґРµР»СЊРєРё/РєР°РјРµРЅСЊ.prefab using Guid(3ce2314b701546f42b55b1818f854b21) Importer(815301076,1909f56bfc062723c751e8b465ee728b)  -> (artifact id: '603ae8509bb00c0f1d6c79748e0f9981') in 0.015326 seconds
Number of updated asset objects reloaded before import = 0
Number of asset objects unloaded after import = 7
========================================================================
Received Import Request.
  Time since last request: 0.000019 seconds.
  path: Assets/Quests/РњРѕРґРµР»СЊРєРё/РїРѕРёРЅС‚С‹.png
  artifactKey: Guid(8a3f2bfa2e0339e45b2f8fdefd9833d8) Importer(815301076,1909f56bfc062723c751e8b465ee728b)
Start importing Assets/Quests/РњРѕРґРµР»СЊРєРё/РїРѕРёРЅС‚С‹.png using Guid(8a3f2bfa2e0339e45b2f8fdefd9833d8) Importer(815301076,1909f56bfc062723c751e8b465ee728b)  -> (artifact id: 'fe7743e473bf78958410a120b6c31a74') in 0.052005 seconds
Number of updated asset objects reloaded before import = 0
Number of asset objects unloaded after import = 3
========================================================================
Received Import Request.
  Time since last request: 0.000025 seconds.
  path: Assets/Quests/РњРѕРґРµР»СЊРєРё/РґРµСЂРµРІРѕ.prefab
  artifactKey: Guid(3f52be6dff01d9349b0e53a02102e3b3) Importer(815301076,1909f56bfc062723c751e8b465ee728b)
Start importing Assets/Quests/РњРѕРґРµР»СЊРєРё/РґРµСЂРµРІРѕ.prefab using Guid(3f52be6dff01d9349b0e53a02102e3b3) Importer(815301076,1909f56bfc062723c751e8b465ee728b)  -> (artifact id: '14fd85ed3b6c4e4b1211fe5c8656eadb') in 0.017651 seconds
Number of updated asset objects reloaded before import = 0
Number of asset objects unloaded after import = 7
========================================================================
Received Import Request.
  Time since last request: 3.919475 seconds.
  path: Assets/Quests/РњРѕРґРµР»СЊРєРё/РјРµРґРІРµРґСЊ/Р·Р°Рґ Р»РµРІ РіРѕР»РµРЅСЊ.png
  artifactKey: Guid(7ea914a469c7d864c9491b9cf6458cfa) Importer(815301076,1909f56bfc062723c751e8b465ee728b)
Start importing Assets/Quests/РњРѕРґРµР»СЊРєРё/РјРµРґРІРµРґСЊ/Р·Р°Рґ Р»РµРІ РіРѕР»РµРЅСЊ.png using Guid(7ea914a469c7d864c9491b9cf6458cfa) Importer(815301076,1909f56bfc062723c751e8b465ee728b)  -> (artifact id: 'a5ed70b618ded2bc3895b3da2eaa5c2f') in 0.025790 seconds
Number of updated asset objects reloaded before import = 0
Number of asset objects unloaded after import = 3
========================================================================
Received Import Request.
  Time since last request: 0.000017 seconds.
  path: Assets/Quests/РњРѕРґРµР»СЊРєРё/РјРµРґРІРµРґСЊ/РїРµСЂРµРґ РїСЂР°РІ РїСЏС‚РєР°.png
  artifactKey: Guid(ba010df80ddd3db4da6c65486aef3aa3) Importer(815301076,1909f56bfc062723c751e8b465ee728b)
Start importing Assets/Quests/РњРѕРґРµР»СЊРєРё/РјРµРґРІРµРґСЊ/РїРµСЂРµРґ РїСЂР°РІ РїСЏС‚РєР°.png using Guid(ba010df80ddd3db4da6c65486aef3aa3) Importer(815301076,1909f56bfc062723c751e8b465ee728b)  -> (artifact id: '99a3e398367ea3941967ac2b68cc144c') in 0.023831 seconds
Number of updated asset objects reloaded before import = 0
Number of asset objects unloaded after import = 3
========================================================================
Received Import Request.
  Time since last request: 0.000024 seconds.
  path: Assets/Quests/РњРѕРґРµР»СЊРєРё/РјРµРґРІРµРґСЊ/С‚РµР»Рѕ.png
  artifactKey: Guid(4a796e7d1afbfda49a5db41e7a2ce70c) Importer(815301076,1909f56bfc062723c751e8b465ee728b)
Start importing Assets/Quests/РњРѕРґРµР»СЊРєРё/РјРµРґРІРµРґСЊ/С‚РµР»Рѕ.png using Guid(4a796e7d1afbfda49a5db41e7a2ce70c) Importer(815301076,1909f56bfc062723c751e8b465ee728b)  -> (artifact id: '627e650d6b9ed561766e146b86a01625') in 0.038048 seconds
Number of updated asset objects reloaded before import = 0
Number of asset objects unloaded after import = 3
========================================================================
Received Import Request.
  Time since last request: 0.000020 seconds.
  path: Assets/Quests/РњРѕРґРµР»СЊРєРё/РјРµРґРІРµРґСЊ/РїРµСЂРµРґ РїСЂР°РІ РїР»РµС‡Рѕ.png
  artifactKey: Guid(62c92800c30a2e14fb8ee1a8269e3548) Importer(815301076,1909f56bfc062723c751e8b465ee728b)
Start importing Assets/Quests/РњРѕРґРµР»СЊРєРё/РјРµРґРІРµРґСЊ/РїРµСЂРµРґ РїСЂР°РІ РїР»РµС‡Рѕ.png using Guid(62c92800c30a2e14fb8ee1a8269e3548) Importer(815301076,1909f56bfc062723c751e8b465ee728b)  -> (artifact id: 'c5f70a226007f934de1b426a23361758') in 0.019351 seconds
Number of updated asset objects reloaded before import = 0
Number of asset objects unloaded after import = 3
Editor requested this worker to shutdown with reason: Scaling down because of idle timeout
TcpMessagingSession - receive error: operation aborted. errorcode: 995, details: Операция ввода/вывода была прервана из-за завершения потока команд или по запросу приложения.
AssetImportWorker is now disconnected from the server
Process exiting
Exiting without the bug reporter. Application will terminate with return code 0